0 info it worked if it ends with ok
1 verbose cli [ 'C:\\Program Files\\nodejs\\node.exe',
1 verbose cli   'C:\\Users\\Alena Butkevich\\AppData\\Roaming\\npm\\node_modules\\npm\\bin\\npm-cli.js',
1 verbose cli   'start' ]
2 info using npm@4.1.2
3 info using node@v8.4.0
4 verbose run-script [ 'prestart', 'start', 'poststart' ]
5 info lifecycle react_spa_app@1.0.0~prestart: react_spa_app@1.0.0
6 silly lifecycle react_spa_app@1.0.0~prestart: no script for prestart, continuing
7 info lifecycle react_spa_app@1.0.0~start: react_spa_app@1.0.0
8 verbose lifecycle react_spa_app@1.0.0~start: unsafe-perm in lifecycle true
9 verbose lifecycle react_spa_app@1.0.0~start: PATH: C:\Users\Alena Butkevich\AppData\Roaming\npm\node_modules\npm\bin\node-gyp-bin;F:\React_SPA_App\node_modules\.bin;C:\WINDOWS\system32;C:\WINDOWS;C:\WINDOWS\System32\Wbem;C:\WINDOWS\System32\WindowsPowerShell\v1.0\;C:\Program Files (x86)\Microsoft SQL Server\120\DTS\Binn\;C:\Program Files\Microsoft\Web Platform Installer\;C:\Program Files\dotnet\;C:\Program Files\Microsoft DNX\Dnvm\;C:\OpenServer\OpenServer\modules\php\PHP-7-x64;C:\Program Files\MongoDB\Server\3.2\bin;C:\Program Files\Microsoft SQL Server\Client SDK\ODBC\110\Tools\Binn\;C:\Program Files (x86)\Microsoft SQL Server\120\Tools\Binn\;C:\Program Files\Microsoft SQL Server\120\Tools\Binn\;C:\Program Files\Microsoft SQL Server\120\DTS\Binn\;C:\Program Files (x86)\Microsoft SQL Server\120\Tools\Binn\ManagementStudio\;C:\Program Files (x86)\Microsoft SDKs\Windows\v10.0A\bin\NETFX 4.6 Tools\gacutil.exe;C:\Program Files\Microsoft SQL Server\Client SDK\ODBC\130\Tools\Binn\;"C:\Program Files\MongoDB\Server\3.4\bin";C:\Program Files\Microsoft SQL Server\130\Tools\Binn\;C:\Program Files (x86)\Microsoft SQL Server\130\Tools\Binn\;C:\Program Files\Microsoft SQL Server\130\DTS\Binn\;C:\Program Files\nodejs\;C:\Program Files\Git\cmd;C:\Users\Alena Butkevich\.dnx\bin;C:\Users\Alena Butkevich\AppData\Local\Microsoft\WindowsApps;C:\Users\Alena Butkevich\AppData\Local\Microsoft\WindowsApps;;C:\Program Files\Microsoft VS Code\bin;C:\Users\Alena Butkevich\AppData\Roaming\npm
10 verbose lifecycle react_spa_app@1.0.0~start: CWD: F:\React_SPA_App
11 silly lifecycle react_spa_app@1.0.0~start: Args: [ '/d /s /c',
11 silly lifecycle   'babel-node server/index.js --presets env,stage-1' ]
12 silly lifecycle react_spa_app@1.0.0~start: Returned: code: 1  signal: null
13 info lifecycle react_spa_app@1.0.0~start: Failed to exec start script
14 verbose stack Error: react_spa_app@1.0.0 start: `babel-node server/index.js --presets env,stage-1`
14 verbose stack Exit status 1
14 verbose stack     at EventEmitter.<anonymous> (C:\Users\Alena Butkevich\AppData\Roaming\npm\node_modules\npm\lib\utils\lifecycle.js:279:16)
14 verbose stack     at emitTwo (events.js:125:13)
14 verbose stack     at EventEmitter.emit (events.js:213:7)
14 verbose stack     at ChildProcess.<anonymous> (C:\Users\Alena Butkevich\AppData\Roaming\npm\node_modules\npm\lib\utils\spawn.js:40:14)
14 verbose stack     at emitTwo (events.js:125:13)
14 verbose stack     at ChildProcess.emit (events.js:213:7)
14 verbose stack     at maybeClose (internal/child_process.js:927:16)
14 verbose stack     at Process.ChildProcess._handle.onexit (internal/child_process.js:211:5)
15 verbose pkgid react_spa_app@1.0.0
16 verbose cwd F:\React_SPA_App
17 error Windows_NT 10.0.15063
18 error argv "C:\\Program Files\\nodejs\\node.exe" "C:\\Users\\Alena Butkevich\\AppData\\Roaming\\npm\\node_modules\\npm\\bin\\npm-cli.js" "start"
19 error node v8.4.0
20 error npm  v4.1.2
21 error code ELIFECYCLE
22 error react_spa_app@1.0.0 start: `babel-node server/index.js --presets env,stage-1`
22 error Exit status 1
23 error Failed at the react_spa_app@1.0.0 start script 'babel-node server/index.js --presets env,stage-1'.
23 error Make sure you have the latest version of node.js and npm installed.
23 error If you do, this is most likely a problem with the react_spa_app package,
23 error not with npm itself.
23 error Tell the author that this fails on your system:
23 error     babel-node server/index.js --presets env,stage-1
23 error You can get information on how to open an issue for this project with:
23 error     npm bugs react_spa_app
23 error Or if that isn't available, you can get their info via:
23 error     npm owner ls react_spa_app
23 error There is likely additional logging output above.
24 verbose exit [ 1, true ]
